0 info it worked if it ends with ok
1 verbose cli [ '/usr/local/bin/node', '/usr/local/bin/npm', 'install' ]
2 info using npm@1.2.18
3 info using node@v0.10.4
4 verbose read json /home/sel/Dokumenty/motim/mtm-www/node_modules/final-db/package.json
5 verbose readDependencies using package.json deps
6 verbose install where, deps [ '/home/sel/Dokumenty/motim/mtm-www/node_modules/final-db',
6 verbose install   [ 'final-class', 'when', 'extend', 'final-fs', 'jasmine-node' ] ]
7 verbose from cache /home/sel/Dokumenty/motim/mtm-www/node_modules/final-db/package.json
8 info preinstall final-db@1.4.0
9 verbose read json /home/sel/Dokumenty/motim/mtm-www/node_modules/final-db/node_modules/extend/package.json
10 verbose read json /home/sel/Dokumenty/motim/mtm-www/node_modules/final-db/node_modules/final-class/package.json
11 verbose read json /home/sel/Dokumenty/motim/mtm-www/node_modules/final-db/node_modules/final-fs/package.json
12 verbose read json /home/sel/Dokumenty/motim/mtm-www/node_modules/final-db/node_modules/jasmine-node/package.json
13 verbose read json /home/sel/Dokumenty/motim/mtm-www/node_modules/final-db/node_modules/when/package.json
14 verbose from cache /home/sel/Dokumenty/motim/mtm-www/node_modules/final-db/package.json
15 verbose readDependencies using package.json deps
16 verbose from cache /home/sel/Dokumenty/motim/mtm-www/node_modules/final-db/node_modules/extend/package.json
17 verbose from cache /home/sel/Dokumenty/motim/mtm-www/node_modules/final-db/node_modules/final-class/package.json
18 verbose from cache /home/sel/Dokumenty/motim/mtm-www/node_modules/final-db/node_modules/final-fs/package.json
19 verbose from cache /home/sel/Dokumenty/motim/mtm-www/node_modules/final-db/node_modules/jasmine-node/package.json
20 verbose from cache /home/sel/Dokumenty/motim/mtm-www/node_modules/final-db/node_modules/when/package.json
21 verbose cache add [ 'final-class@0.0.0', null ]
22 verbose cache add name=undefined spec="final-class@0.0.0" args=["final-class@0.0.0",null]
23 verbose parsed url { protocol: null,
23 verbose parsed url   slashes: null,
23 verbose parsed url   auth: null,
23 verbose parsed url   host: null,
23 verbose parsed url   port: null,
23 verbose parsed url   hostname: null,
23 verbose parsed url   hash: null,
23 verbose parsed url   search: null,
23 verbose parsed url   query: null,
23 verbose parsed url   pathname: 'final-class@0.0.0',
23 verbose parsed url   path: 'final-class@0.0.0',
23 verbose parsed url   href: 'final-class@0.0.0' }
24 verbose cache add name="final-class" spec="0.0.0" args=["final-class","0.0.0"]
25 verbose parsed url { protocol: null,
25 verbose parsed url   slashes: null,
25 verbose parsed url   auth: null,
25 verbose parsed url   host: null,
25 verbose parsed url   port: null,
25 verbose parsed url   hostname: null,
25 verbose parsed url   hash: null,
25 verbose parsed url   search: null,
25 verbose parsed url   query: null,
25 verbose parsed url   pathname: '0.0.0',
25 verbose parsed url   path: '0.0.0',
25 verbose parsed url   href: '0.0.0' }
26 verbose addNamed [ 'final-class', '0.0.0' ]
27 verbose addNamed [ '0.0.0', '0.0.0' ]
28 verbose already installed skipping when@~2.0.1 /home/sel/Dokumenty/motim/mtm-www/node_modules/final-db
29 verbose already installed skipping jasmine-node@* /home/sel/Dokumenty/motim/mtm-www/node_modules/final-db
30 verbose already installed skipping extend@~1.1.3 /home/sel/Dokumenty/motim/mtm-www/node_modules/final-db
31 verbose already installed skipping final-fs@* /home/sel/Dokumenty/motim/mtm-www/node_modules/final-db
32 silly lockFile 877bd611-final-class-0-0-0 final-class@0.0.0
33 verbose lock final-class@0.0.0 /home/sel/.npm/877bd611-final-class-0-0-0.lock
34 verbose url raw final-class/0.0.0
35 verbose url resolving [ 'https://registry.npmjs.org/', './final-class/0.0.0' ]
36 verbose url resolved https://registry.npmjs.org/final-class/0.0.0
37 info trying registry request attempt 1 at 09:28:01
38 verbose etag "B4YPF0F9PRJY2Z0RLXZ46N14O"
39 http GET https://registry.npmjs.org/final-class/0.0.0
40 http 304 https://registry.npmjs.org/final-class/0.0.0
41 silly registry.get cb [ 304,
41 silly registry.get   { server: 'CouchDB/1.3.0 (Erlang OTP/R15B03)',
41 silly registry.get     etag: '"B4YPF0F9PRJY2Z0RLXZ46N14O"',
41 silly registry.get     date: 'Fri, 10 May 2013 07:28:05 GMT',
41 silly registry.get     'content-length': '0' } ]
42 verbose etag final-class/0.0.0 from cache
43 verbose read json /home/sel/.npm/final-class/0.0.0/package/package.json
44 silly lockFile 877bd611-final-class-0-0-0 final-class@0.0.0
45 silly lockFile 877bd611-final-class-0-0-0 final-class@0.0.0
46 silly resolved [ { name: 'final-class',
46 silly resolved     version: '0.0.0',
46 silly resolved     description: 'System for creating classes, multi inheritance, Inversion of Control and Dependency Injection.',
46 silly resolved     main: 'index.js',
46 silly resolved     dependencies: {},
46 silly resolved     devDependencies: { 'jasmine-node': '*' },
46 silly resolved     scripts: { test: 'jasmine-node ./spec/' },
46 silly resolved     repository: { type: 'git', url: 'git@github.com:finalclass/finalclass.git' },
46 silly resolved     keywords: [ 'class', 'ioc', 'framework' ],
46 silly resolved     author: { name: 'Szymon Wygnański', email: 's@finalclass.net' },
46 silly resolved     license: 'MIT',
46 silly resolved     readmeFilename: 'README.md',
46 silly resolved     gitHead: '200970017ac90acea78e695f2815cb9a851d3776',
46 silly resolved     readme: '# FinalClass',
46 silly resolved     _id: 'final-class@0.0.0',
46 silly resolved     _from: 'final-class@0.0.0' } ]
47 info install final-class@0.0.0 into /home/sel/Dokumenty/motim/mtm-www/node_modules/final-db
48 info installOne final-class@0.0.0
49 error git Appears to be a git repo or submodule.
49 error git     /home/sel/Dokumenty/motim/mtm-www/node_modules/final-db/node_modules/final-class
49 error git Refusing to remove it. Update manually,
49 error git or move it out of the way first.
50 error System Linux 3.2.0-4-amd64
51 error command "/usr/local/bin/node" "/usr/local/bin/npm" "install"
52 error cwd /home/sel/Dokumenty/motim/mtm-www/node_modules/final-db
53 error node -v v0.10.4
54 error npm -v 1.2.18
55 error path /home/sel/Dokumenty/motim/mtm-www/node_modules/final-db/node_modules/final-class
56 error code EISGIT
57 verbose exit [ 1, true ]
